2025-09-14 17:26:42 | INFO | Processed JSON message: {'message': 'Streaming data is fun.', 'author': 'Eve'}
2025-09-14 17:26:42 | INFO | Message received from author: Eve
2025-09-14 17:26:42 | INFO | Updated author counts: {'Eve': 8, 'Alice': 14, 'Charlie': 6, 'Diana': 15, 'Bob': 10}
2025-09-14 17:26:43 | INFO | Sent message to topic 'buzzline_json': {'message': 'Kafka is awesome.', 'author': 'Alice'}
2025-09-14 17:26:43 | INFO | Processed JSON message: {'message': 'Kafka is awesome.', 'author': 'Alice'}
2025-09-14 17:26:43 | INFO | Message received from author: Alice
2025-09-14 17:26:43 | INFO | Updated author counts: {'Eve': 8, 'Alice': 15, 'Charlie': 6, 'Diana': 15, 'Bob': 10}
2025-09-14 17:26:44 | INFO | Sent message to topic 'buzzline_json': {'message': 'JSON makes life easier.', 'author': 'Bob'}
2025-09-14 17:26:44 | INFO | Processed JSON message: {'message': 'JSON makes life easier.', 'author': 'Bob'}
2025-09-14 17:26:44 | INFO | Message received from author: Bob
2025-09-14 17:26:44 | INFO | Updated author counts: {'Eve': 8, 'Alice': 15, 'Charlie': 6, 'Diana': 15, 'Bob': 11}
2025-09-14 17:26:45 | INFO | Sent message to topic 'buzzline_json': {'message': 'This is a buzz message.', 'author': 'Charlie'}
2025-09-14 17:26:45 | INFO | Processed JSON message: {'message': 'This is a buzz message.', 'author': 'Charlie'}
2025-09-14 17:26:45 | INFO | Message received from author: Charlie
2025-09-14 17:26:45 | INFO | Updated author counts: {'Eve': 8, 'Alice': 15, 'Charlie': 7, 'Diana': 15, 'Bob': 11}
2025-09-14 17:26:46 | INFO | Sent message to topic 'buzzline_json': {'message': 'Have a great day!', 'author': 'Diana'}
2025-09-14 17:26:46 | INFO | Processed JSON message: {'message': 'Have a great day!', 'author': 'Diana'}
2025-09-14 17:26:46 | INFO | Message received from author: Diana
2025-09-14 17:26:46 | INFO | Updated author counts: {'Eve': 8, 'Alice': 15, 'Charlie': 7, 'Diana': 16, 'Bob': 11}
2025-09-14 17:26:47 | INFO | Sent message to topic 'buzzline_json': {'message': 'Distributed systems are fascinating.', 'author': 'Bob'}
2025-09-14 17:26:47 | INFO | Processed JSON message: {'message': 'Distributed systems are fascinating.', 'author': 'Bob'}
2025-09-14 17:26:47 | INFO | Message received from author: Bob
2025-09-14 17:26:47 | INFO | Updated author counts: {'Eve': 8, 'Alice': 15, 'Charlie': 7, 'Diana': 16, 'Bob': 12}
2025-09-14 17:26:48 | INFO | Sent message to topic 'buzzline_json': {'message': 'Kafka is awesome.', 'author': 'Alice'}
2025-09-14 17:26:48 | INFO | Processed JSON message: {'message': 'Kafka is awesome.', 'author': 'Alice'}
2025-09-14 17:26:48 | INFO | Message received from author: Alice
2025-09-14 17:26:48 | INFO | Updated author counts: {'Eve': 8, 'Alice': 16, 'Charlie': 7, 'Diana': 16, 'Bob': 12}
2025-09-14 17:26:49 | INFO | Sent message to topic 'buzzline_json': {'message': 'Streaming data is fun.', 'author': 'Alice'}
2025-09-14 17:26:49 | INFO | Processed JSON message: {'message': 'Streaming data is fun.', 'author': 'Alice'}
2025-09-14 17:26:49 | INFO | Message received from author: Alice
2025-09-14 17:26:49 | INFO | Updated author counts: {'Eve': 8, 'Alice': 17, 'Charlie': 7, 'Diana': 16, 'Bob': 12}
2025-09-14 17:26:50 | INFO | Sent message to topic 'buzzline_json': {'message': 'Have a great day!', 'author': 'Diana'}
2025-09-14 17:26:50 | INFO | Processed JSON message: {'message': 'Have a great day!', 'author': 'Diana'}
2025-09-14 17:26:50 | INFO | Message received from author: Diana
2025-09-14 17:26:50 | INFO | Updated author counts: {'Eve': 8, 'Alice': 17, 'Charlie': 7, 'Diana': 17, 'Bob': 12}
2025-09-14 17:26:51 | INFO | Sent message to topic 'buzzline_json': {'message': 'Streaming data is fun.', 'author': 'Alice'}
2025-09-14 17:26:51 | INFO | Processed JSON message: {'message': 'Streaming data is fun.', 'author': 'Alice'}
2025-09-14 17:26:51 | INFO | Message received from author: Alice
2025-09-14 17:26:51 | INFO | Updated author counts: {'Eve': 8, 'Alice': 18, 'Charlie': 7, 'Diana': 17, 'Bob': 12}
2025-09-14 17:26:52 | INFO | Sent message to topic 'buzzline_json': {'message': 'This is a buzz message.', 'author': 'Diana'}
2025-09-14 17:26:52 | INFO | Processed JSON message: {'message': 'This is a buzz message.', 'author': 'Diana'}
2025-09-14 17:26:52 | INFO | Message received from author: Diana
2025-09-14 17:26:52 | INFO | Updated author counts: {'Eve': 8, 'Alice': 18, 'Charlie': 7, 'Diana': 18, 'Bob': 12}
2025-09-14 17:26:53 | INFO | Sent message to topic 'buzzline_json': {'message': 'Data engineering is my passion.', 'author': 'Bob'}
2025-09-14 17:26:53 | INFO | Processed JSON message: {'message': 'Data engineering is my passion.', 'author': 'Bob'}
2025-09-14 17:26:53 | INFO | Message received from author: Bob
2025-09-14 17:26:53 | INFO | Updated author counts: {'Eve': 8, 'Alice': 18, 'Charlie': 7, 'Diana': 18, 'Bob': 13}
2025-09-14 17:26:54 | INFO | Sent message to topic 'buzzline_json': {'message': 'Have a great day!', 'author': 'Diana'}
2025-09-14 17:26:54 | INFO | Processed JSON message: {'message': 'Have a great day!', 'author': 'Diana'}
2025-09-14 17:26:54 | INFO | Message received from author: Diana
2025-09-14 17:26:54 | INFO | Updated author counts: {'Eve': 8, 'Alice': 18, 'Charlie': 7, 'Diana': 19, 'Bob': 13}
2025-09-14 17:26:55 | INFO | Sent message to topic 'buzzline_json': {'message': 'Kafka is awesome.', 'author': 'Alice'}
2025-09-14 17:26:55 | INFO | Processed JSON message: {'message': 'Kafka is awesome.', 'author': 'Alice'}
2025-09-14 17:26:55 | INFO | Message received from author: Alice
2025-09-14 17:26:55 | INFO | Updated author counts: {'Eve': 8, 'Alice': 19, 'Charlie': 7, 'Diana': 19, 'Bob': 13}
2025-09-14 17:26:56 | INFO | Sent message to topic 'buzzline_json': {'message': 'Kafka is awesome.', 'author': 'Eve'}
2025-09-14 17:26:56 | INFO | Processed JSON message: {'message': 'Kafka is awesome.', 'author': 'Eve'}
2025-09-14 17:26:56 | INFO | Message received from author: Eve
2025-09-14 17:26:56 | INFO | Updated author counts: {'Eve': 9, 'Alice': 19, 'Charlie': 7, 'Diana': 19, 'Bob': 13}
2025-09-14 17:26:57 | INFO | Sent message to topic 'buzzline_json': {'message': 'Have a great day!', 'author': 'Diana'}
2025-09-14 17:26:57 | INFO | Processed JSON message: {'message': 'Have a great day!', 'author': 'Diana'}
2025-09-14 17:26:57 | INFO | Message received from author: Diana
2025-09-14 17:26:57 | INFO | Updated author counts: {'Eve': 9, 'Alice': 19, 'Charlie': 7, 'Diana': 20, 'Bob': 13}
2025-09-14 17:26:58 | INFO | Sent message to topic 'buzzline_json': {'message': 'Buzz messages for everyone.', 'author': 'Charlie'}
2025-09-14 17:26:58 | INFO | Processed JSON message: {'message': 'Buzz messages for everyone.', 'author': 'Charlie'}
2025-09-14 17:26:58 | INFO | Message received from author: Charlie
2025-09-14 17:26:58 | INFO | Updated author counts: {'Eve': 9, 'Alice': 19, 'Charlie': 8, 'Diana': 20, 'Bob': 13}
2025-09-14 17:26:59 | INFO | Sent message to topic 'buzzline_json': {'message': 'This is a buzz message.', 'author': 'Charlie'}
2025-09-14 17:26:59 | INFO | Processed JSON message: {'message': 'This is a buzz message.', 'author': 'Charlie'}
2025-09-14 17:26:59 | INFO | Message received from author: Charlie
2025-09-14 17:26:59 | INFO | Updated author counts: {'Eve': 9, 'Alice': 19, 'Charlie': 9, 'Diana': 20, 'Bob': 13}
2025-09-14 17:27:00 | INFO | Sent message to topic 'buzzline_json': {'message': 'Streaming data is fun.', 'author': 'Alice'}
2025-09-14 17:27:00 | INFO | Processed JSON message: {'message': 'Streaming data is fun.', 'author': 'Alice'}
2025-09-14 17:27:00 | INFO | Message received from author: Alice
2025-09-14 17:27:00 | INFO | Updated author counts: {'Eve': 9, 'Alice': 20, 'Charlie': 9, 'Diana': 20, 'Bob': 13}
2025-09-14 17:27:01 | INFO | Sent message to topic 'buzzline_json': {'message': 'Hello, Kafka world!', 'author': 'Diana'}
2025-09-14 17:27:01 | INFO | Processed JSON message: {'message': 'Hello, Kafka world!', 'author': 'Diana'}
2025-09-14 17:27:01 | INFO | Message received from author: Diana
2025-09-14 17:27:01 | INFO | Updated author counts: {'Eve': 9, 'Alice': 20, 'Charlie': 9, 'Diana': 21, 'Bob': 13}
2025-09-14 17:27:02 | INFO | Sent message to topic 'buzzline_json': {'message': 'Kafka is awesome.', 'author': 'Bob'}
2025-09-14 17:27:02 | INFO | Processed JSON message: {'message': 'Kafka is awesome.', 'author': 'Bob'}
2025-09-14 17:27:02 | INFO | Message received from author: Bob
2025-09-14 17:27:02 | INFO | Updated author counts: {'Eve': 9, 'Alice': 20, 'Charlie': 9, 'Diana': 21, 'Bob': 14}
2025-09-14 17:27:03 | INFO | Sent message to topic 'buzzline_json': {'message': 'I love Python!', 'author': 'Eve'}
2025-09-14 17:27:03 | INFO | Processed JSON message: {'message': 'I love Python!', 'author': 'Eve'}
2025-09-14 17:27:03 | INFO | Message received from author: Eve
2025-09-14 17:27:03 | INFO | Updated author counts: {'Eve': 10, 'Alice': 20, 'Charlie': 9, 'Diana': 21, 'Bob': 14}
2025-09-14 17:27:04 | INFO | Sent message to topic 'buzzline_json': {'message': 'JSON makes life easier.', 'author': 'Charlie'}
2025-09-14 17:27:04 | INFO | Processed JSON message: {'message': 'JSON makes life easier.', 'author': 'Charlie'}
2025-09-14 17:27:04 | INFO | Message received from author: Charlie
2025-09-14 17:27:04 | INFO | Updated author counts: {'Eve': 10, 'Alice': 20, 'Charlie': 10, 'Diana': 21, 'Bob': 14}
2025-09-14 17:27:05 | INFO | Sent message to topic 'buzzline_json': {'message': 'I love Python!', 'author': 'Charlie'}
2025-09-14 17:27:05 | INFO | Processed JSON message: {'message': 'I love Python!', 'author': 'Charlie'}
2025-09-14 17:27:05 | INFO | Message received from author: Charlie
2025-09-14 17:27:05 | INFO | Updated author counts: {'Eve': 10, 'Alice': 20, 'Charlie': 11, 'Diana': 21, 'Bob': 14}
2025-09-14 17:27:06 | INFO | Sent message to topic 'buzzline_json': {'message': 'I love Python!', 'author': 'Charlie'}
2025-09-14 17:27:06 | INFO | Processed JSON message: {'message': 'I love Python!', 'author': 'Charlie'}
2025-09-14 17:27:06 | INFO | Message received from author: Charlie
2025-09-14 17:27:06 | INFO | Updated author counts: {'Eve': 10, 'Alice': 20, 'Charlie': 12, 'Diana': 21, 'Bob': 14}
2025-09-14 17:27:07 | INFO | Sent message to topic 'buzzline_json': {'message': 'I love Python!', 'author': 'Diana'}
2025-09-14 17:27:07 | INFO | Processed JSON message: {'message': 'I love Python!', 'author': 'Diana'}
2025-09-14 17:27:07 | INFO | Message received from author: Diana
2025-09-14 17:27:07 | INFO | Updated author counts: {'Eve': 10, 'Alice': 20, 'Charlie': 12, 'Diana': 22, 'Bob': 14}
2025-09-14 17:27:08 | INFO | Sent message to topic 'buzzline_json': {'message': 'Streaming data is fun.', 'author': 'Diana'}
2025-09-14 17:27:08 | INFO | Processed JSON message: {'message': 'Streaming data is fun.', 'author': 'Diana'}
2025-09-14 17:27:08 | INFO | Message received from author: Diana
2025-09-14 17:27:08 | INFO | Updated author counts: {'Eve': 10, 'Alice': 20, 'Charlie': 12, 'Diana': 23, 'Bob': 14}
2025-09-14 17:27:09 | INFO | Sent message to topic 'buzzline_json': {'message': 'Data engineering is my passion.', 'author': 'Eve'}
2025-09-14 17:27:09 | INFO | Processed JSON message: {'message': 'Data engineering is my passion.', 'author': 'Eve'}
2025-09-14 17:27:09 | INFO | Message received from author: Eve
2025-09-14 17:27:09 | INFO | Updated author counts: {'Eve': 11, 'Alice': 20, 'Charlie': 12, 'Diana': 23, 'Bob': 14}
2025-09-14 17:27:10 | INFO | Sent message to topic 'buzzline_json': {'message': 'Buzz messages for everyone.', 'author': 'Eve'}
2025-09-14 17:27:10 | INFO | Processed JSON message: {'message': 'Buzz messages for everyone.', 'author': 'Eve'}
2025-09-14 17:27:10 | INFO | Message received from author: Eve
2025-09-14 17:27:10 | INFO | Updated author counts: {'Eve': 12, 'Alice': 20, 'Charlie': 12, 'Diana': 23, 'Bob': 14}
2025-09-14 17:27:11 | INFO | Sent message to topic 'buzzline_json': {'message': 'JSON makes life easier.', 'author': 'Eve'}
2025-09-14 17:27:11 | INFO | Processed JSON message: {'message': 'JSON makes life easier.', 'author': 'Eve'}
2025-09-14 17:27:11 | INFO | Message received from author: Eve
2025-09-14 17:27:11 | INFO | Updated author counts: {'Eve': 13, 'Alice': 20, 'Charlie': 12, 'Diana': 23, 'Bob': 14}
2025-09-14 17:27:12 | INFO | Sent message to topic 'buzzline_json': {'message': 'Have a great day!', 'author': 'Alice'}
2025-09-14 17:27:12 | INFO | Processed JSON message: {'message': 'Have a great day!', 'author': 'Alice'}
2025-09-14 17:27:12 | INFO | Message received from author: Alice
2025-09-14 17:27:12 | INFO | Updated author counts: {'Eve': 13, 'Alice': 21, 'Charlie': 12, 'Diana': 23, 'Bob': 14}
2025-09-14 17:27:13 | INFO | Sent message to topic 'buzzline_json': {'message': 'I love Python!', 'author': 'Bob'}
2025-09-14 17:27:13 | INFO | Processed JSON message: {'message': 'I love Python!', 'author': 'Bob'}
2025-09-14 17:27:13 | INFO | Message received from author: Bob
2025-09-14 17:27:13 | INFO | Updated author counts: {'Eve': 13, 'Alice': 21, 'Charlie': 12, 'Diana': 23, 'Bob': 15}
2025-09-14 17:27:14 | INFO | Sent message to topic 'buzzline_json': {'message': 'I love Python!', 'author': 'Bob'}
2025-09-14 17:27:14 | INFO | Processed JSON message: {'message': 'I love Python!', 'author': 'Bob'}
2025-09-14 17:27:14 | INFO | Message received from author: Bob
2025-09-14 17:27:14 | INFO | Updated author counts: {'Eve': 13, 'Alice': 21, 'Charlie': 12, 'Diana': 23, 'Bob': 16}
2025-09-14 17:27:15 | INFO | Sent message to topic 'buzzline_json': {'message': 'This is a buzz message.', 'author': 'Eve'}
2025-09-14 17:27:15 | INFO | Processed JSON message: {'message': 'This is a buzz message.', 'author': 'Eve'}
2025-09-14 17:27:15 | INFO | Message received from author: Eve
2025-09-14 17:27:15 | INFO | Updated author counts: {'Eve': 14, 'Alice': 21, 'Charlie': 12, 'Diana': 23, 'Bob': 16}
2025-09-14 17:27:16 | INFO | Sent message to topic 'buzzline_json': {'message': 'This is a buzz message.', 'author': 'Alice'}
2025-09-14 17:27:16 | INFO | Processed JSON message: {'message': 'This is a buzz message.', 'author': 'Alice'}
2025-09-14 17:27:16 | INFO | Message received from author: Alice
2025-09-14 17:27:16 | INFO | Updated author counts: {'Eve': 14, 'Alice': 22, 'Charlie': 12, 'Diana': 23, 'Bob': 16}
2025-09-14 17:27:17 | INFO | Sent message to topic 'buzzline_json': {'message': 'Distributed systems are fascinating.', 'author': 'Diana'}
2025-09-14 17:27:17 | INFO | Processed JSON message: {'message': 'Distributed systems are fascinating.', 'author': 'Diana'}
2025-09-14 17:27:17 | INFO | Message received from author: Diana
2025-09-14 17:27:17 | INFO | Updated author counts: {'Eve': 14, 'Alice': 22, 'Charlie': 12, 'Diana': 24, 'Bob': 16}
2025-09-14 17:27:18 | INFO | Sent message to topic 'buzzline_json': {'message': 'Streaming data is fun.', 'author': 'Eve'}
2025-09-14 17:27:18 | INFO | Processed JSON message: {'message': 'Streaming data is fun.', 'author': 'Eve'}
2025-09-14 17:27:18 | INFO | Message received from author: Eve
2025-09-14 17:27:18 | INFO | Updated author counts: {'Eve': 15, 'Alice': 22, 'Charlie': 12, 'Diana': 24, 'Bob': 16}
2025-09-14 17:27:19 | INFO | Sent message to topic 'buzzline_json': {'message': 'Have a great day!', 'author': 'Charlie'}
2025-09-14 17:27:19 | INFO | Processed JSON message: {'message': 'Have a great day!', 'author': 'Charlie'}
2025-09-14 17:27:19 | INFO | Message received from author: Charlie
2025-09-14 17:27:19 | INFO | Updated author counts: {'Eve': 15, 'Alice': 22, 'Charlie': 13, 'Diana': 24, 'Bob': 16}
2025-09-14 17:27:20 | INFO | Sent message to topic 'buzzline_json': {'message': 'JSON makes life easier.', 'author': 'Eve'}
2025-09-14 17:27:20 | INFO | Processed JSON message: {'message': 'JSON makes life easier.', 'author': 'Eve'}
2025-09-14 17:27:20 | INFO | Message received from author: Eve
2025-09-14 17:27:20 | INFO | Updated author counts: {'Eve': 16, 'Alice': 22, 'Charlie': 13, 'Diana': 24, 'Bob': 16}
2025-09-14 17:27:21 | INFO | Sent message to topic 'buzzline_json': {'message': 'Buzz messages for everyone.', 'author': 'Diana'}
2025-09-14 17:27:21 | INFO | Processed JSON message: {'message': 'Buzz messages for everyone.', 'author': 'Diana'}
2025-09-14 17:27:21 | INFO | Message received from author: Diana
2025-09-14 17:27:21 | INFO | Updated author counts: {'Eve': 16, 'Alice': 22, 'Charlie': 13, 'Diana': 25, 'Bob': 16}
2025-09-14 17:27:22 | INFO | Sent message to topic 'buzzline_json': {'message': 'This is a buzz message.', 'author': 'Charlie'}
2025-09-14 17:27:22 | INFO | Processed JSON message: {'message': 'This is a buzz message.', 'author': 'Charlie'}
2025-09-14 17:27:22 | INFO | Message received from author: Charlie
2025-09-14 17:27:22 | INFO | Updated author counts: {'Eve': 16, 'Alice': 22, 'Charlie': 14, 'Diana': 25, 'Bob': 16}
2025-09-14 17:27:23 | INFO | Sent message to topic 'buzzline_json': {'message': 'Distributed systems are fascinating.', 'author': 'Charlie'}
2025-09-14 17:27:23 | INFO | Processed JSON message: {'message': 'Distributed systems are fascinating.', 'author': 'Charlie'}
2025-09-14 17:27:23 | INFO | Message received from author: Charlie
2025-09-14 17:27:23 | INFO | Updated author counts: {'Eve': 16, 'Alice': 22, 'Charlie': 15, 'Diana': 25, 'Bob': 16}
2025-09-14 17:27:24 | INFO | Sent message to topic 'buzzline_json': {'message': 'Buzz messages for everyone.', 'author': 'Bob'}
2025-09-14 17:27:24 | INFO | Processed JSON message: {'message': 'Buzz messages for everyone.', 'author': 'Bob'}
2025-09-14 17:27:24 | INFO | Message received from author: Bob
2025-09-14 17:27:24 | INFO | Updated author counts: {'Eve': 16, 'Alice': 22, 'Charlie': 15, 'Diana': 25, 'Bob': 17}
2025-09-14 17:27:25 | INFO | Sent message to topic 'buzzline_json': {'message': 'This is a buzz message.', 'author': 'Eve'}
2025-09-14 17:27:25 | INFO | Processed JSON message: {'message': 'This is a buzz message.', 'author': 'Eve'}
2025-09-14 17:27:25 | INFO | Message received from author: Eve
2025-09-14 17:27:25 | INFO | Updated author counts: {'Eve': 17, 'Alice': 22, 'Charlie': 15, 'Diana': 25, 'Bob': 17}
2025-09-14 17:27:26 | INFO | Sent message to topic 'buzzline_json': {'message': 'Data engineering is my passion.', 'author': 'Diana'}
2025-09-14 17:27:26 | INFO | Processed JSON message: {'message': 'Data engineering is my passion.', 'author': 'Diana'}
2025-09-14 17:27:26 | INFO | Message received from author: Diana
2025-09-14 17:27:26 | INFO | Updated author counts: {'Eve': 17, 'Alice': 22, 'Charlie': 15, 'Diana': 26, 'Bob': 17}
2025-09-14 17:27:27 | INFO | Sent message to topic 'buzzline_json': {'message': 'Data engineering is my passion.', 'author': 'Alice'}
2025-09-14 17:27:27 | INFO | Processed JSON message: {'message': 'Data engineering is my passion.', 'author': 'Alice'}
2025-09-14 17:27:27 | INFO | Message received from author: Alice
2025-09-14 17:27:27 | INFO | Updated author counts: {'Eve': 17, 'Alice': 23, 'Charlie': 15, 'Diana': 26, 'Bob': 17}
2025-09-14 17:27:28 | INFO | Sent message to topic 'buzzline_json': {'message': 'Buzz messages for everyone.', 'author': 'Diana'}
2025-09-14 17:27:28 | INFO | Processed JSON message: {'message': 'Buzz messages for everyone.', 'author': 'Diana'}
2025-09-14 17:27:28 | INFO | Message received from author: Diana
2025-09-14 17:27:28 | INFO | Updated author counts: {'Eve': 17, 'Alice': 23, 'Charlie': 15, 'Diana': 27, 'Bob': 17}
2025-09-14 17:27:29 | INFO | Sent message to topic 'buzzline_json': {'message': 'JSON makes life easier.', 'author': 'Alice'}
2025-09-14 17:27:29 | INFO | Processed JSON message: {'message': 'JSON makes life easier.', 'author': 'Alice'}
2025-09-14 17:27:29 | INFO | Message received from author: Alice
2025-09-14 17:27:29 | INFO | Updated author counts: {'Eve': 17, 'Alice': 24, 'Charlie': 15, 'Diana': 27, 'Bob': 17}
2025-09-14 17:27:30 | INFO | Opening data file in read mode: C:/Users/USER/Documents/44671 Streaming Data/buzzline-03-mcruz/data/buzz.json
2025-09-14 17:27:30 | INFO | Reading data from file: C:/Users/USER/Documents/44671 Streaming Data/buzzline-03-mcruz/data/buzz.json
2025-09-14 17:27:30 | INFO | Sent message to topic 'buzzline_json': {'message': 'Data engineering is my passion.', 'author': 'Eve'}
2025-09-14 17:27:30 | INFO | Processed JSON message: {'message': 'Data engineering is my passion.', 'author': 'Eve'}
2025-09-14 17:27:30 | INFO | Message received from author: Eve
2025-09-14 17:27:30 | INFO | Updated author counts: {'Eve': 18, 'Alice': 24, 'Charlie': 15, 'Diana': 27, 'Bob': 17}
2025-09-14 17:27:31 | INFO | Sent message to topic 'buzzline_json': {'message': 'Distributed systems are fascinating.', 'author': 'Alice'}
2025-09-14 17:27:31 | INFO | Processed JSON message: {'message': 'Distributed systems are fascinating.', 'author': 'Alice'}
2025-09-14 17:27:31 | INFO | Message received from author: Alice
2025-09-14 17:27:31 | INFO | Updated author counts: {'Eve': 18, 'Alice': 25, 'Charlie': 15, 'Diana': 27, 'Bob': 17}
2025-09-14 17:27:32 | INFO | Sent message to topic 'buzzline_json': {'message': 'Have a great day!', 'author': 'Charlie'}
2025-09-14 17:27:32 | INFO | Processed JSON message: {'message': 'Have a great day!', 'author': 'Charlie'}
2025-09-14 17:27:32 | INFO | Message received from author: Charlie
2025-09-14 17:27:32 | INFO | Updated author counts: {'Eve': 18, 'Alice': 25, 'Charlie': 16, 'Diana': 27, 'Bob': 17}
2025-09-14 17:27:33 | INFO | Sent message to topic 'buzzline_json': {'message': 'Data engineering is my passion.', 'author': 'Alice'}
2025-09-14 17:27:33 | INFO | Processed JSON message: {'message': 'Data engineering is my passion.', 'author': 'Alice'}
2025-09-14 17:27:33 | INFO | Message received from author: Alice
2025-09-14 17:27:33 | INFO | Updated author counts: {'Eve': 18, 'Alice': 26, 'Charlie': 16, 'Diana': 27, 'Bob': 17}
2025-09-14 17:27:34 | INFO | Sent message to topic 'buzzline_json': {'message': 'Distributed systems are fascinating.', 'author': 'Diana'}
2025-09-14 17:27:34 | INFO | Processed JSON message: {'message': 'Distributed systems are fascinating.', 'author': 'Diana'}
2025-09-14 17:27:34 | INFO | Message received from author: Diana
2025-09-14 17:27:34 | INFO | Updated author counts: {'Eve': 18, 'Alice': 26, 'Charlie': 16, 'Diana': 28, 'Bob': 17}
2025-09-14 17:27:35 | INFO | Sent message to topic 'buzzline_json': {'message': 'Buzz messages for everyone.', 'author': 'Alice'}
2025-09-14 17:27:35 | INFO | Processed JSON message: {'message': 'Buzz messages for everyone.', 'author': 'Alice'}
2025-09-14 17:27:35 | INFO | Message received from author: Alice
2025-09-14 17:27:35 | INFO | Updated author counts: {'Eve': 18, 'Alice': 27, 'Charlie': 16, 'Diana': 28, 'Bob': 17}
2025-09-14 17:27:36 | INFO | Sent message to topic 'buzzline_json': {'message': 'Hello, Kafka world!', 'author': 'Diana'}
2025-09-14 17:27:36 | INFO | Processed JSON message: {'message': 'Hello, Kafka world!', 'author': 'Diana'}
2025-09-14 17:27:36 | INFO | Message received from author: Diana
2025-09-14 17:27:36 | INFO | Updated author counts: {'Eve': 18, 'Alice': 27, 'Charlie': 16, 'Diana': 29, 'Bob': 17}
2025-09-14 17:27:37 | INFO | Sent message to topic 'buzzline_json': {'message': 'This is a buzz message.', 'author': 'Eve'}
2025-09-14 17:27:37 | INFO | Processed JSON message: {'message': 'This is a buzz message.', 'author': 'Eve'}
2025-09-14 17:27:37 | INFO | Message received from author: Eve
2025-09-14 17:27:37 | INFO | Updated author counts: {'Eve': 19, 'Alice': 27, 'Charlie': 16, 'Diana': 29, 'Bob': 17}
2025-09-14 17:27:38 | INFO | Sent message to topic 'buzzline_json': {'message': 'JSON makes life easier.', 'author': 'Eve'}
2025-09-14 17:27:38 | INFO | Processed JSON message: {'message': 'JSON makes life easier.', 'author': 'Eve'}
2025-09-14 17:27:38 | INFO | Message received from author: Eve
2025-09-14 17:27:38 | INFO | Updated author counts: {'Eve': 20, 'Alice': 27, 'Charlie': 16, 'Diana': 29, 'Bob': 17}
2025-09-14 17:27:39 | INFO | Sent message to topic 'buzzline_json': {'message': 'JSON makes life easier.', 'author': 'Alice'}
2025-09-14 17:27:39 | INFO | Processed JSON message: {'message': 'JSON makes life easier.', 'author': 'Alice'}
2025-09-14 17:27:39 | INFO | Message received from author: Alice
2025-09-14 17:27:39 | INFO | Updated author counts: {'Eve': 20, 'Alice': 28, 'Charlie': 16, 'Diana': 29, 'Bob': 17}
2025-09-14 17:27:40 | INFO | Sent message to topic 'buzzline_json': {'message': 'Data engineering is my passion.', 'author': 'Diana'}
2025-09-14 17:27:40 | INFO | Processed JSON message: {'message': 'Data engineering is my passion.', 'author': 'Diana'}
2025-09-14 17:27:40 | INFO | Message received from author: Diana
2025-09-14 17:27:40 | INFO | Updated author counts: {'Eve': 20, 'Alice': 28, 'Charlie': 16, 'Diana': 30, 'Bob': 17}
2025-09-14 17:27:41 | INFO | Sent message to topic 'buzzline_json': {'message': 'JSON makes life easier.', 'author': 'Diana'}
2025-09-14 17:27:41 | INFO | Processed JSON message: {'message': 'JSON makes life easier.', 'author': 'Diana'}
2025-09-14 17:27:41 | INFO | Message received from author: Diana
2025-09-14 17:27:41 | INFO | Updated author counts: {'Eve': 20, 'Alice': 28, 'Charlie': 16, 'Diana': 31, 'Bob': 17}
2025-09-14 17:27:42 | INFO | Sent message to topic 'buzzline_json': {'message': 'Kafka is awesome.', 'author': 'Charlie'}
2025-09-14 17:27:42 | INFO | Processed JSON message: {'message': 'Kafka is awesome.', 'author': 'Charlie'}
2025-09-14 17:27:42 | INFO | Message received from author: Charlie
2025-09-14 17:27:42 | INFO | Updated author counts: {'Eve': 20, 'Alice': 28, 'Charlie': 17, 'Diana': 31, 'Bob': 17}
2025-09-14 17:27:43 | INFO | Sent message to topic 'buzzline_json': {'message': 'JSON makes life easier.', 'author': 'Bob'}
2025-09-14 17:27:43 | INFO | Processed JSON message: {'message': 'JSON makes life easier.', 'author': 'Bob'}
2025-09-14 17:27:43 | INFO | Message received from author: Bob
2025-09-14 17:27:43 | INFO | Updated author counts: {'Eve': 20, 'Alice': 28, 'Charlie': 17, 'Diana': 31, 'Bob': 18}
2025-09-14 17:27:44 | INFO | Sent message to topic 'buzzline_json': {'message': 'I love Python!', 'author': 'Bob'}
2025-09-14 17:27:44 | INFO | Processed JSON message: {'message': 'I love Python!', 'author': 'Bob'}
2025-09-14 17:27:44 | INFO | Message received from author: Bob
2025-09-14 17:27:44 | INFO | Updated author counts: {'Eve': 20, 'Alice': 28, 'Charlie': 17, 'Diana': 31, 'Bob': 19}
2025-09-14 17:27:45 | INFO | Sent message to topic 'buzzline_json': {'message': 'This is a buzz message.', 'author': 'Eve'}
2025-09-14 17:27:45 | INFO | Processed JSON message: {'message': 'This is a buzz message.', 'author': 'Eve'}
2025-09-14 17:27:45 | INFO | Message received from author: Eve
2025-09-14 17:27:45 | INFO | Updated author counts: {'Eve': 21, 'Alice': 28, 'Charlie': 17, 'Diana': 31, 'Bob': 19}
2025-09-14 17:27:46 | INFO | Sent message to topic 'buzzline_json': {'message': 'I love Python!', 'author': 'Eve'}
2025-09-14 17:27:46 | INFO | Processed JSON message: {'message': 'I love Python!', 'author': 'Eve'}
2025-09-14 17:27:46 | INFO | Message received from author: Eve
2025-09-14 17:27:46 | INFO | Updated author counts: {'Eve': 22, 'Alice': 28, 'Charlie': 17, 'Diana': 31, 'Bob': 19}
2025-09-14 17:27:47 | INFO | Sent message to topic 'buzzline_json': {'message': 'Buzz messages for everyone.', 'author': 'Alice'}
2025-09-14 17:27:47 | INFO | Processed JSON message: {'message': 'Buzz messages for everyone.', 'author': 'Alice'}
2025-09-14 17:27:47 | INFO | Message received from author: Alice
2025-09-14 17:27:47 | INFO | Updated author counts: {'Eve': 22, 'Alice': 29, 'Charlie': 17, 'Diana': 31, 'Bob': 19}
2025-09-14 17:27:48 | INFO | Sent message to topic 'buzzline_json': {'message': 'This is a buzz message.', 'author': 'Alice'}
2025-09-14 17:27:48 | INFO | Processed JSON message: {'message': 'This is a buzz message.', 'author': 'Alice'}
2025-09-14 17:27:48 | INFO | Message received from author: Alice
2025-09-14 17:27:48 | INFO | Updated author counts: {'Eve': 22, 'Alice': 30, 'Charlie': 17, 'Diana': 31, 'Bob': 19}
2025-09-14 17:27:49 | INFO | Sent message to topic 'buzzline_json': {'message': 'Data engineering is my passion.', 'author': 'Diana'}
2025-09-14 17:27:49 | INFO | Processed JSON message: {'message': 'Data engineering is my passion.', 'author': 'Diana'}
2025-09-14 17:27:49 | INFO | Message received from author: Diana
2025-09-14 17:27:49 | INFO | Updated author counts: {'Eve': 22, 'Alice': 30, 'Charlie': 17, 'Diana': 32, 'Bob': 19}
2025-09-14 17:27:50 | INFO | Sent message to topic 'buzzline_json': {'message': 'I love Python!', 'author': 'Eve'}
2025-09-14 17:27:50 | INFO | Processed JSON message: {'message': 'I love Python!', 'author': 'Eve'}
2025-09-14 17:27:50 | INFO | Message received from author: Eve
2025-09-14 17:27:50 | INFO | Updated author counts: {'Eve': 23, 'Alice': 30, 'Charlie': 17, 'Diana': 32, 'Bob': 19}
2025-09-14 17:27:51 | INFO | Sent message to topic 'buzzline_json': {'message': 'JSON makes life easier.', 'author': 'Charlie'}
2025-09-14 17:27:51 | INFO | Processed JSON message: {'message': 'JSON makes life easier.', 'author': 'Charlie'}
2025-09-14 17:27:51 | INFO | Message received from author: Charlie
2025-09-14 17:27:51 | INFO | Updated author counts: {'Eve': 23, 'Alice': 30, 'Charlie': 18, 'Diana': 32, 'Bob': 19}
2025-09-14 17:27:52 | INFO | Sent message to topic 'buzzline_json': {'message': 'Have a great day!', 'author': 'Bob'}
2025-09-14 17:27:52 | INFO | Processed JSON message: {'message': 'Have a great day!', 'author': 'Bob'}
2025-09-14 17:27:52 | INFO | Message received from author: Bob
2025-09-14 17:27:52 | INFO | Updated author counts: {'Eve': 23, 'Alice': 30, 'Charlie': 18, 'Diana': 32, 'Bob': 20}
2025-09-14 17:27:53 | INFO | Sent message to topic 'buzzline_json': {'message': 'Data engineering is my passion.', 'author': 'Alice'}
2025-09-14 17:27:53 | INFO | Processed JSON message: {'message': 'Data engineering is my passion.', 'author': 'Alice'}
2025-09-14 17:27:53 | INFO | Message received from author: Alice
2025-09-14 17:27:53 | INFO | Updated author counts: {'Eve': 23, 'Alice': 31, 'Charlie': 18, 'Diana': 32, 'Bob': 20}
2025-09-14 17:27:54 | INFO | Sent message to topic 'buzzline_json': {'message': 'Kafka is awesome.', 'author': 'Diana'}
2025-09-14 17:27:54 | INFO | Processed JSON message: {'message': 'Kafka is awesome.', 'author': 'Diana'}
2025-09-14 17:27:54 | INFO | Message received from author: Diana
2025-09-14 17:27:54 | INFO | Updated author counts: {'Eve': 23, 'Alice': 31, 'Charlie': 18, 'Diana': 33, 'Bob': 20}
2025-09-14 17:27:55 | INFO | Sent message to topic 'buzzline_json': {'message': 'Kafka is awesome.', 'author': 'Diana'}
2025-09-14 17:27:55 | INFO | Processed JSON message: {'message': 'Kafka is awesome.', 'author': 'Diana'}
2025-09-14 17:27:55 | INFO | Message received from author: Diana
2025-09-14 17:27:55 | INFO | Updated author counts: {'Eve': 23, 'Alice': 31, 'Charlie': 18, 'Diana': 34, 'Bob': 20}
2025-09-14 17:27:56 | INFO | Sent message to topic 'buzzline_json': {'message': 'Hello, Kafka world!', 'author': 'Bob'}
2025-09-14 17:27:56 | INFO | Processed JSON message: {'message': 'Hello, Kafka world!', 'author': 'Bob'}
2025-09-14 17:27:56 | INFO | Message received from author: Bob
2025-09-14 17:27:56 | INFO | Updated author counts: {'Eve': 23, 'Alice': 31, 'Charlie': 18, 'Diana': 34, 'Bob': 21}
2025-09-14 17:27:57 | INFO | Sent message to topic 'buzzline_json': {'message': 'Distributed systems are fascinating.', 'author': 'Diana'}
2025-09-14 17:27:57 | INFO | Processed JSON message: {'message': 'Distributed systems are fascinating.', 'author': 'Diana'}
2025-09-14 17:27:57 | INFO | Message received from author: Diana
2025-09-14 17:27:57 | INFO | Updated author counts: {'Eve': 23, 'Alice': 31, 'Charlie': 18, 'Diana': 35, 'Bob': 21}
2025-09-14 17:27:58 | INFO | Sent message to topic 'buzzline_json': {'message': 'I love Python!', 'author': 'Diana'}
2025-09-14 17:27:58 | INFO | Processed JSON message: {'message': 'I love Python!', 'author': 'Diana'}
2025-09-14 17:27:58 | INFO | Message received from author: Diana
2025-09-14 17:27:58 | INFO | Updated author counts: {'Eve': 23, 'Alice': 31, 'Charlie': 18, 'Diana': 36, 'Bob': 21}
2025-09-14 17:27:59 | INFO | Sent message to topic 'buzzline_json': {'message': 'Have a great day!', 'author': 'Alice'}
2025-09-14 17:27:59 | INFO | Processed JSON message: {'message': 'Have a great day!', 'author': 'Alice'}
2025-09-14 17:27:59 | INFO | Message received from author: Alice
2025-09-14 17:27:59 | INFO | Updated author counts: {'Eve': 23, 'Alice': 32, 'Charlie': 18, 'Diana': 36, 'Bob': 21}
2025-09-14 17:28:00 | INFO | Sent message to topic 'buzzline_json': {'message': 'Hello, Kafka world!', 'author': 'Charlie'}
2025-09-14 17:28:00 | INFO | Processed JSON message: {'message': 'Hello, Kafka world!', 'author': 'Charlie'}
2025-09-14 17:28:00 | INFO | Message received from author: Charlie
2025-09-14 17:28:00 | INFO | Updated author counts: {'Eve': 23, 'Alice': 32, 'Charlie': 19, 'Diana': 36, 'Bob': 21}
2025-09-14 17:28:01 | INFO | Sent message to topic 'buzzline_json': {'message': 'JSON makes life easier.', 'author': 'Diana'}
2025-09-14 17:28:01 | INFO | Processed JSON message: {'message': 'JSON makes life easier.', 'author': 'Diana'}
2025-09-14 17:28:01 | INFO | Message received from author: Diana
2025-09-14 17:28:01 | INFO | Updated author counts: {'Eve': 23, 'Alice': 32, 'Charlie': 19, 'Diana': 37, 'Bob': 21}
2025-09-14 17:28:02 | INFO | Sent message to topic 'buzzline_json': {'message': 'I love Python!', 'author': 'Bob'}
2025-09-14 17:28:02 | INFO | Processed JSON message: {'message': 'I love Python!', 'author': 'Bob'}
2025-09-14 17:28:02 | INFO | Message received from author: Bob
2025-09-14 17:28:02 | INFO | Updated author counts: {'Eve': 23, 'Alice': 32, 'Charlie': 19, 'Diana': 37, 'Bob': 22}
2025-09-14 17:28:03 | INFO | Sent message to topic 'buzzline_json': {'message': 'Have a great day!', 'author': 'Diana'}
2025-09-14 17:28:03 | INFO | Processed JSON message: {'message': 'Have a great day!', 'author': 'Diana'}
2025-09-14 17:28:03 | INFO | Message received from author: Diana
2025-09-14 17:28:03 | INFO | Updated author counts: {'Eve': 23, 'Alice': 32, 'Charlie': 19, 'Diana': 38, 'Bob': 22}
2025-09-14 17:28:04 | INFO | Sent message to topic 'buzzline_json': {'message': 'Hello, Kafka world!', 'author': 'Alice'}
2025-09-14 17:28:04 | INFO | Processed JSON message: {'message': 'Hello, Kafka world!', 'author': 'Alice'}
2025-09-14 17:28:04 | INFO | Message received from author: Alice
2025-09-14 17:28:04 | INFO | Updated author counts: {'Eve': 23, 'Alice': 33, 'Charlie': 19, 'Diana': 38, 'Bob': 22}
2025-09-14 17:28:05 | INFO | Sent message to topic 'buzzline_json': {'message': 'JSON makes life easier.', 'author': 'Alice'}
2025-09-14 17:28:05 | INFO | Processed JSON message: {'message': 'JSON makes life easier.', 'author': 'Alice'}
2025-09-14 17:28:05 | INFO | Message received from author: Alice
2025-09-14 17:28:05 | INFO | Updated author counts: {'Eve': 23, 'Alice': 34, 'Charlie': 19, 'Diana': 38, 'Bob': 22}
2025-09-14 17:28:06 | INFO | Sent message to topic 'buzzline_json': {'message': 'Buzz messages for everyone.', 'author': 'Charlie'}
2025-09-14 17:28:06 | INFO | Processed JSON message: {'message': 'Buzz messages for everyone.', 'author': 'Charlie'}
2025-09-14 17:28:06 | INFO | Message received from author: Charlie
2025-09-14 17:28:06 | INFO | Updated author counts: {'Eve': 23, 'Alice': 34, 'Charlie': 20, 'Diana': 38, 'Bob': 22}
2025-09-14 17:28:07 | INFO | Sent message to topic 'buzzline_json': {'message': 'Buzz messages for everyone.', 'author': 'Bob'}
2025-09-14 17:28:07 | INFO | Processed JSON message: {'message': 'Buzz messages for everyone.', 'author': 'Bob'}
2025-09-14 17:28:07 | INFO | Message received from author: Bob
2025-09-14 17:28:07 | INFO | Updated author counts: {'Eve': 23, 'Alice': 34, 'Charlie': 20, 'Diana': 38, 'Bob': 23}
2025-09-14 17:28:08 | INFO | Sent message to topic 'buzzline_json': {'message': 'Streaming data is fun.', 'author': 'Diana'}
2025-09-14 17:28:08 | INFO | Processed JSON message: {'message': 'Streaming data is fun.', 'author': 'Diana'}
2025-09-14 17:28:08 | INFO | Message received from author: Diana
2025-09-14 17:28:08 | INFO | Updated author counts: {'Eve': 23, 'Alice': 34, 'Charlie': 20, 'Diana': 39, 'Bob': 23}
2025-09-14 17:28:09 | INFO | Sent message to topic 'buzzline_json': {'message': 'Have a great day!', 'author': 'Diana'}
2025-09-14 17:28:09 | INFO | Processed JSON message: {'message': 'Have a great day!', 'author': 'Diana'}
2025-09-14 17:28:09 | INFO | Message received from author: Diana
2025-09-14 17:28:09 | INFO | Updated author counts: {'Eve': 23, 'Alice': 34, 'Charlie': 20, 'Diana': 40, 'Bob': 23}
2025-09-14 17:28:10 | INFO | Sent message to topic 'buzzline_json': {'message': 'I love Python!', 'author': 'Alice'}
2025-09-14 17:28:10 | INFO | Processed JSON message: {'message': 'I love Python!', 'author': 'Alice'}
2025-09-14 17:28:10 | INFO | Message received from author: Alice
2025-09-14 17:28:10 | INFO | Updated author counts: {'Eve': 23, 'Alice': 35, 'Charlie': 20, 'Diana': 40, 'Bob': 23}
2025-09-14 17:28:11 | INFO | Sent message to topic 'buzzline_json': {'message': 'Streaming data is fun.', 'author': 'Charlie'}
2025-09-14 17:28:11 | INFO | Processed JSON message: {'message': 'Streaming data is fun.', 'author': 'Charlie'}
2025-09-14 17:28:11 | INFO | Message received from author: Charlie
2025-09-14 17:28:11 | INFO | Updated author counts: {'Eve': 23, 'Alice': 35, 'Charlie': 21, 'Diana': 40, 'Bob': 23}
2025-09-14 17:28:12 | INFO | Sent message to topic 'buzzline_json': {'message': 'Kafka is awesome.', 'author': 'Alice'}
2025-09-14 17:28:12 | INFO | Processed JSON message: {'message': 'Kafka is awesome.', 'author': 'Alice'}
2025-09-14 17:28:12 | INFO | Message received from author: Alice
2025-09-14 17:28:12 | INFO | Updated author counts: {'Eve': 23, 'Alice': 36, 'Charlie': 21, 'Diana': 40, 'Bob': 23}
2025-09-14 17:28:13 | INFO | Sent message to topic 'buzzline_json': {'message': 'Kafka is awesome.', 'author': 'Diana'}
2025-09-14 17:28:13 | INFO | Processed JSON message: {'message': 'Kafka is awesome.', 'author': 'Diana'}
2025-09-14 17:28:13 | INFO | Message received from author: Diana
2025-09-14 17:28:13 | INFO | Updated author counts: {'Eve': 23, 'Alice': 36, 'Charlie': 21, 'Diana': 41, 'Bob': 23}
2025-09-14 17:28:14 | INFO | Sent message to topic 'buzzline_json': {'message': 'Kafka is awesome.', 'author': 'Alice'}
2025-09-14 17:28:14 | INFO | Processed JSON message: {'message': 'Kafka is awesome.', 'author': 'Alice'}
2025-09-14 17:28:14 | INFO | Message received from author: Alice
2025-09-14 17:28:14 | INFO | Updated author counts: {'Eve': 23, 'Alice': 37, 'Charlie': 21, 'Diana': 41, 'Bob': 23}
2025-09-14 17:28:15 | INFO | Sent message to topic 'buzzline_json': {'message': 'JSON makes life easier.', 'author': 'Bob'}
2025-09-14 17:28:15 | INFO | Processed JSON message: {'message': 'JSON makes life easier.', 'author': 'Bob'}
2025-09-14 17:28:15 | INFO | Message received from author: Bob
2025-09-14 17:28:15 | INFO | Updated author counts: {'Eve': 23, 'Alice': 37, 'Charlie': 21, 'Diana': 41, 'Bob': 24}
2025-09-14 17:28:16 | INFO | Sent message to topic 'buzzline_json': {'message': 'This is a buzz message.', 'author': 'Bob'}
2025-09-14 17:28:16 | INFO | Processed JSON message: {'message': 'This is a buzz message.', 'author': 'Bob'}
2025-09-14 17:28:16 | INFO | Message received from author: Bob
2025-09-14 17:28:16 | INFO | Updated author counts: {'Eve': 23, 'Alice': 37, 'Charlie': 21, 'Diana': 41, 'Bob': 25}
2025-09-14 17:28:17 | INFO | Sent message to topic 'buzzline_json': {'message': 'Streaming data is fun.', 'author': 'Diana'}
2025-09-14 17:28:17 | INFO | Processed JSON message: {'message': 'Streaming data is fun.', 'author': 'Diana'}
2025-09-14 17:28:17 | INFO | Message received from author: Diana
2025-09-14 17:28:17 | INFO | Updated author counts: {'Eve': 23, 'Alice': 37, 'Charlie': 21, 'Diana': 42, 'Bob': 25}
2025-09-14 17:28:18 | INFO | Sent message to topic 'buzzline_json': {'message': 'Have a great day!', 'author': 'Bob'}
2025-09-14 17:28:18 | INFO | Processed JSON message: {'message': 'Have a great day!', 'author': 'Bob'}
2025-09-14 17:28:18 | INFO | Message received from author: Bob
2025-09-14 17:28:18 | INFO | Updated author counts: {'Eve': 23, 'Alice': 37, 'Charlie': 21, 'Diana': 42, 'Bob': 26}
2025-09-14 17:28:19 | INFO | Sent message to topic 'buzzline_json': {'message': 'This is a buzz message.', 'author': 'Eve'}
2025-09-14 17:28:19 | INFO | Processed JSON message: {'message': 'This is a buzz message.', 'author': 'Eve'}
2025-09-14 17:28:19 | INFO | Message received from author: Eve
2025-09-14 17:28:19 | INFO | Updated author counts: {'Eve': 24, 'Alice': 37, 'Charlie': 21, 'Diana': 42, 'Bob': 26}
2025-09-14 17:28:20 | INFO | Sent message to topic 'buzzline_json': {'message': 'Hello, Kafka world!', 'author': 'Bob'}
2025-09-14 17:28:20 | INFO | Processed JSON message: {'message': 'Hello, Kafka world!', 'author': 'Bob'}
2025-09-14 17:28:20 | INFO | Message received from author: Bob
2025-09-14 17:28:20 | INFO | Updated author counts: {'Eve': 24, 'Alice': 37, 'Charlie': 21, 'Diana': 42, 'Bob': 27}
2025-09-14 17:28:21 | INFO | Sent message to topic 'buzzline_json': {'message': 'This is a buzz message.', 'author': 'Alice'}
2025-09-14 17:28:21 | INFO | Processed JSON message: {'message': 'This is a buzz message.', 'author': 'Alice'}
2025-09-14 17:28:21 | INFO | Message received from author: Alice
2025-09-14 17:28:21 | INFO | Updated author counts: {'Eve': 24, 'Alice': 38, 'Charlie': 21, 'Diana': 42, 'Bob': 27}
2025-09-14 17:28:22 | INFO | Sent message to topic 'buzzline_json': {'message': 'Streaming data is fun.', 'author': 'Eve'}
2025-09-14 17:28:22 | INFO | Processed JSON message: {'message': 'Streaming data is fun.', 'author': 'Eve'}
2025-09-14 17:28:22 | INFO | Message received from author: Eve
2025-09-14 17:28:22 | INFO | Updated author counts: {'Eve': 25, 'Alice': 38, 'Charlie': 21, 'Diana': 42, 'Bob': 27}
2025-09-14 17:28:23 | INFO | Sent message to topic 'buzzline_json': {'message': 'Kafka is awesome.', 'author': 'Alice'}
2025-09-14 17:28:23 | INFO | Processed JSON message: {'message': 'Kafka is awesome.', 'author': 'Alice'}
2025-09-14 17:28:24 | INFO | Message received from author: Alice
2025-09-14 17:28:24 | INFO | Updated author counts: {'Eve': 25, 'Alice': 39, 'Charlie': 21, 'Diana': 42, 'Bob': 27}
2025-09-14 17:28:24 | INFO | Sent message to topic 'buzzline_json': {'message': 'JSON makes life easier.', 'author': 'Bob'}
2025-09-14 17:28:25 | INFO | Processed JSON message: {'message': 'JSON makes life easier.', 'author': 'Bob'}
2025-09-14 17:28:25 | INFO | Message received from author: Bob
2025-09-14 17:28:25 | INFO | Updated author counts: {'Eve': 25, 'Alice': 39, 'Charlie': 21, 'Diana': 42, 'Bob': 28}
2025-09-14 17:28:25 | INFO | Sent message to topic 'buzzline_json': {'message': 'This is a buzz message.', 'author': 'Charlie'}
2025-09-14 17:28:26 | INFO | Processed JSON message: {'message': 'This is a buzz message.', 'author': 'Charlie'}
2025-09-14 17:28:26 | INFO | Message received from author: Charlie
2025-09-14 17:28:26 | INFO | Updated author counts: {'Eve': 25, 'Alice': 39, 'Charlie': 22, 'Diana': 42, 'Bob': 28}
2025-09-14 17:28:27 | INFO | Sent message to topic 'buzzline_json': {'message': 'Have a great day!', 'author': 'Diana'}
2025-09-14 17:28:27 | INFO | Processed JSON message: {'message': 'Have a great day!', 'author': 'Diana'}
2025-09-14 17:28:27 | INFO | Message received from author: Diana
2025-09-14 17:28:27 | INFO | Updated author counts: {'Eve': 25, 'Alice': 39, 'Charlie': 22, 'Diana': 43, 'Bob': 28}
2025-09-14 17:28:28 | INFO | Sent message to topic 'buzzline_json': {'message': 'Distributed systems are fascinating.', 'author': 'Bob'}
2025-09-14 17:28:28 | INFO | Processed JSON message: {'message': 'Distributed systems are fascinating.', 'author': 'Bob'}
2025-09-14 17:28:28 | INFO | Message received from author: Bob
2025-09-14 17:28:28 | INFO | Updated author counts: {'Eve': 25, 'Alice': 39, 'Charlie': 22, 'Diana': 43, 'Bob': 29}
2025-09-14 17:28:29 | INFO | Sent message to topic 'buzzline_json': {'message': 'Kafka is awesome.', 'author': 'Alice'}
2025-09-14 17:28:29 | INFO | Processed JSON message: {'message': 'Kafka is awesome.', 'author': 'Alice'}
2025-09-14 17:28:29 | INFO | Message received from author: Alice
2025-09-14 17:28:29 | INFO | Updated author counts: {'Eve': 25, 'Alice': 40, 'Charlie': 22, 'Diana': 43, 'Bob': 29}
2025-09-14 17:28:30 | INFO | Sent message to topic 'buzzline_json': {'message': 'Streaming data is fun.', 'author': 'Alice'}
2025-09-14 17:28:30 | INFO | Processed JSON message: {'message': 'Streaming data is fun.', 'author': 'Alice'}
2025-09-14 17:28:30 | INFO | Message received from author: Alice
2025-09-14 17:28:30 | INFO | Updated author counts: {'Eve': 25, 'Alice': 41, 'Charlie': 22, 'Diana': 43, 'Bob': 29}
2025-09-14 17:28:31 | INFO | Sent message to topic 'buzzline_json': {'message': 'Have a great day!', 'author': 'Diana'}
2025-09-14 17:28:31 | INFO | Processed JSON message: {'message': 'Have a great day!', 'author': 'Diana'}
2025-09-14 17:28:31 | INFO | Message received from author: Diana
2025-09-14 17:28:31 | INFO | Updated author counts: {'Eve': 25, 'Alice': 41, 'Charlie': 22, 'Diana': 44, 'Bob': 29}
2025-09-14 17:28:32 | INFO | Sent message to topic 'buzzline_json': {'message': 'Streaming data is fun.', 'author': 'Alice'}
2025-09-14 17:28:32 | INFO | Processed JSON message: {'message': 'Streaming data is fun.', 'author': 'Alice'}
2025-09-14 17:28:32 | INFO | Message received from author: Alice
2025-09-14 17:28:32 | INFO | Updated author counts: {'Eve': 25, 'Alice': 42, 'Charlie': 22, 'Diana': 44, 'Bob': 29}
2025-09-14 17:28:33 | INFO | Sent message to topic 'buzzline_json': {'message': 'This is a buzz message.', 'author': 'Diana'}
2025-09-14 17:28:33 | INFO | Processed JSON message: {'message': 'This is a buzz message.', 'author': 'Diana'}
2025-09-14 17:28:33 | INFO | Message received from author: Diana
2025-09-14 17:28:33 | INFO | Updated author counts: {'Eve': 25, 'Alice': 42, 'Charlie': 22, 'Diana': 45, 'Bob': 29}
2025-09-14 17:28:34 | INFO | Sent message to topic 'buzzline_json': {'message': 'Data engineering is my passion.', 'author': 'Bob'}
2025-09-14 17:28:34 | INFO | Processed JSON message: {'message': 'Data engineering is my passion.', 'author': 'Bob'}
2025-09-14 17:28:34 | INFO | Message received from author: Bob
2025-09-14 17:28:34 | INFO | Updated author counts: {'Eve': 25, 'Alice': 42, 'Charlie': 22, 'Diana': 45, 'Bob': 30}
2025-09-14 17:28:35 | INFO | Sent message to topic 'buzzline_json': {'message': 'Have a great day!', 'author': 'Diana'}
2025-09-14 17:28:35 | INFO | Processed JSON message: {'message': 'Have a great day!', 'author': 'Diana'}
2025-09-14 17:28:35 | INFO | Message received from author: Diana
2025-09-14 17:28:35 | INFO | Updated author counts: {'Eve': 25, 'Alice': 42, 'Charlie': 22, 'Diana': 46, 'Bob': 30}
2025-09-14 17:28:36 | INFO | Sent message to topic 'buzzline_json': {'message': 'Kafka is awesome.', 'author': 'Alice'}
2025-09-14 17:28:36 | INFO | Processed JSON message: {'message': 'Kafka is awesome.', 'author': 'Alice'}
2025-09-14 17:28:36 | INFO | Message received from author: Alice
2025-09-14 17:28:36 | INFO | Updated author counts: {'Eve': 25, 'Alice': 43, 'Charlie': 22, 'Diana': 46, 'Bob': 30}
2025-09-14 17:28:37 | INFO | Sent message to topic 'buzzline_json': {'message': 'Kafka is awesome.', 'author': 'Eve'}
2025-09-14 17:28:37 | INFO | Processed JSON message: {'message': 'Kafka is awesome.', 'author': 'Eve'}
2025-09-14 17:28:37 | INFO | Message received from author: Eve
2025-09-14 17:28:37 | INFO | Updated author counts: {'Eve': 26, 'Alice': 43, 'Charlie': 22, 'Diana': 46, 'Bob': 30}
2025-09-14 17:28:38 | INFO | Sent message to topic 'buzzline_json': {'message': 'Have a great day!', 'author': 'Diana'}
2025-09-14 17:28:38 | INFO | Processed JSON message: {'message': 'Have a great day!', 'author': 'Diana'}
2025-09-14 17:28:38 | INFO | Message received from author: Diana
2025-09-14 17:28:38 | INFO | Updated author counts: {'Eve': 26, 'Alice': 43, 'Charlie': 22, 'Diana': 47, 'Bob': 30}
2025-09-14 17:28:39 | INFO | Sent message to topic 'buzzline_json': {'message': 'Buzz messages for everyone.', 'author': 'Charlie'}
2025-09-14 17:28:39 | INFO | Processed JSON message: {'message': 'Buzz messages for everyone.', 'author': 'Charlie'}
2025-09-14 17:28:39 | INFO | Message received from author: Charlie
2025-09-14 17:28:39 | INFO | Updated author counts: {'Eve': 26, 'Alice': 43, 'Charlie': 23, 'Diana': 47, 'Bob': 30}
2025-09-14 17:28:40 | INFO | Sent message to topic 'buzzline_json': {'message': 'This is a buzz message.', 'author': 'Charlie'}
2025-09-14 17:28:40 | INFO | Processed JSON message: {'message': 'This is a buzz message.', 'author': 'Charlie'}
2025-09-14 17:28:40 | INFO | Message received from author: Charlie
2025-09-14 17:28:40 | INFO | Updated author counts: {'Eve': 26, 'Alice': 43, 'Charlie': 24, 'Diana': 47, 'Bob': 30}
2025-09-14 17:28:41 | INFO | Sent message to topic 'buzzline_json': {'message': 'Streaming data is fun.', 'author': 'Alice'}
2025-09-14 17:28:41 | INFO | Processed JSON message: {'message': 'Streaming data is fun.', 'author': 'Alice'}
2025-09-14 17:28:41 | INFO | Message received from author: Alice
2025-09-14 17:28:41 | INFO | Updated author counts: {'Eve': 26, 'Alice': 44, 'Charlie': 24, 'Diana': 47, 'Bob': 30}
